<?xml version="1.0" encoding="UTF-8"?>
<!-- Generated by org.testng.reporters.JUnitReportReporter -->
<testsuite hostname="Tanusha" failures="0" tests="1" name="com.epam.ta.test.Hardcore" time="53.564" errors="0" timestamp="2020-10-20T00:19:16 MSK" skipped="0">
  <testcase classname="com.epam.ta.test.Hardcore" name="Test" time="53.564"/>
  <system-out/>
</testsuite> <!-- com.epam.ta.test.Hardcore -->
