<?xml version="1.0" encoding="UTF-8"?>
<!-- Generated by org.testng.reporters.JUnitReportReporter -->
<testsuite hostname="Tanusha" failures="0" tests="1" name="com.epam.ta.test.Hardcore" time="65.448" errors="0" timestamp="2020-10-14T18:23:49 MSK" skipped="0">
  <testcase classname="com.epam.ta.test.Hardcore" name="Test" time="65.448"/>
  <system-out/>
</testsuite> <!-- com.epam.ta.test.Hardcore -->
