<?xml version="1.0" encoding="UTF-8"?>
<!-- Generated by org.testng.reporters.JUnitReportReporter -->
<testsuite hostname="Tanusha" failures="0" tests="1" name="com.epam.ta.test.Hardcore" time="77.113" errors="0" timestamp="2020-10-18T17:01:07 MSK" skipped="0">
  <testcase classname="com.epam.ta.test.Hardcore" name="Test" time="77.113"/>
  <system-out/>
</testsuite> <!-- com.epam.ta.test.Hardcore -->
